[23.06.2016 06:12:24,370] [main] INFO  org.jgap.gp.impl.GPGenotype  - Creating initial population
[23.06.2016 06:12:24,391] [main] INFO  org.jgap.gp.impl.GPGenotype  - Mem free: 123.0 MB
[23.06.2016 06:12:24,427] [main] INFO  org.jgap.gp.impl.GPPopulation  - Prototype program set
[23.06.2016 06:12:26,003] [main] INFO  org.jgap.gp.impl.GPGenotype  - Mem free after creating population: 281.5 MB
[23.06.2016 06:12:26,010] [main] INFO  org.jgap.gp.impl.GPGenotype  - Your configuration does not contain unused commands, this is good
[23.06.2016 06:12:26,014] [main] INFO  org.jgap.gp.impl.GPGenotype  - Evolving generation 0, memory free: 41.1 MB
[23.06.2016 06:12:29,744] [main] INFO  org.jgap.gp.impl.GPGenotype  - Best solution fitness: 98.0
[23.06.2016 06:12:29,756] [main] INFO  org.jgap.gp.impl.GPGenotype  - Best solution: (((y - 6.0) + (6.0 * 6.0)) + ((6.0 * 6.0) + (x * x))) + (((x - x) + (x - y)) - ((y - 5.0) - (x + y)))
[23.06.2016 06:12:29,757] [main] INFO  org.jgap.gp.impl.GPGenotype  - Depth of chrom: 4
[23.06.2016 06:12:34,021] [main] INFO  org.jgap.gp.impl.GPGenotype  - Best solution fitness: 55.0
[23.06.2016 06:12:34,024] [main] INFO  org.jgap.gp.impl.GPGenotype  - Best solution: ((y + (((4.0 + x) * x) - ((y * (y - y)) + x))) - 6.0) + y
[23.06.2016 06:12:34,031] [main] INFO  org.jgap.gp.impl.GPGenotype  - Depth of chrom: 7
[23.06.2016 06:12:45,155] [main] INFO  org.jgap.gp.impl.GPGenotype  - Best solution fitness: 0.0
[23.06.2016 06:12:45,156] [main] INFO  org.jgap.gp.impl.GPGenotype  - Best solution: (y + 4.0) + (((x * 4.0) + ((y - x) - 5.0)) + ((x * x) + (3.0 + 3.0)))
[23.06.2016 06:12:45,158] [main] INFO  org.jgap.gp.impl.GPGenotype  - Depth of chrom: 5
[23.06.2016 06:13:47,585] [main] INFO  org.jgap.gp.impl.GPGenotype  - Evolving generation 25, memory free: 773.9 MB
[23.06.2016 06:14:04,875] [main] INFO  org.jgap.gp.impl.GPGenotype  - Best solution fitness: 0.0
[23.06.2016 06:14:04,876] [main] INFO  org.jgap.gp.impl.GPGenotype  - Best solution: (y + 4.0) + (((x * 4.0) + ((y - x) - 5.0)) + ((x * x) + (3.0 + 3.0)))
[23.06.2016 06:14:04,881] [main] INFO  org.jgap.gp.impl.GPGenotype  - Depth of chrom: 5
[23.06.2016 06:14:14,565] [main] INFO  org.jgap.gp.impl.GPGenotype  - Creating initial population
[23.06.2016 06:14:14,594] [main] INFO  org.jgap.gp.impl.GPGenotype  - Mem free: 123.0 MB
[23.06.2016 06:14:14,645] [main] INFO  org.jgap.gp.impl.GPPopulation  - Prototype program set
[23.06.2016 06:14:16,200] [main] INFO  org.jgap.gp.impl.GPGenotype  - Mem free after creating population: 439.0 MB
[23.06.2016 06:14:16,210] [main] INFO  org.jgap.gp.impl.GPGenotype  - Your configuration does not contain unused commands, this is good
[23.06.2016 06:14:16,216] [main] INFO  org.jgap.gp.impl.GPGenotype  - Evolving generation 0, memory free: 198.6 MB
[23.06.2016 06:14:19,676] [main] INFO  org.jgap.gp.impl.GPGenotype  - Best solution fitness: 113.0
[23.06.2016 06:14:19,683] [main] INFO  org.jgap.gp.impl.GPGenotype  - Best solution: (y + (x * (x + 4.0))) - y
[23.06.2016 06:14:19,683] [main] INFO  org.jgap.gp.impl.GPGenotype  - Depth of chrom: 4
[23.06.2016 06:14:23,727] [main] INFO  org.jgap.gp.impl.GPGenotype  - Best solution fitness: 80.0
[23.06.2016 06:14:23,730] [main] INFO  org.jgap.gp.impl.GPGenotype  - Best solution: (((1.0 + x) * (1.0 + x)) + ((y * 1.0) + (1.0 - 1.0))) + (((x + y) - (1.0 * 4.0)) - ((x + 4.0) - (x - 4.0)))
[23.06.2016 06:14:23,731] [main] INFO  org.jgap.gp.impl.GPGenotype  - Depth of chrom: 4
[23.06.2016 06:14:27,430] [main] INFO  org.jgap.gp.impl.GPGenotype  - Best solution fitness: 5.0
[23.06.2016 06:14:27,431] [main] INFO  org.jgap.gp.impl.GPGenotype  - Best solution: (((x - y) + (x * x)) + ((4.0 + (4.0 * y)) - (4.0 - 4.0))) - ((y - x) - x)
[23.06.2016 06:14:27,432] [main] INFO  org.jgap.gp.impl.GPGenotype  - Depth of chrom: 5
[23.06.2016 06:14:31,142] [main] INFO  org.jgap.gp.impl.GPGenotype  - Best solution fitness: 0.0
[23.06.2016 06:14:31,143] [main] INFO  org.jgap.gp.impl.GPGenotype  - Best solution: (((x * x) - (y * x)) + ((x + y) - (y - y))) - ((1.0 - y) - (((6.0 - x) + (x * y)) + (3.0 * x)))
[23.06.2016 06:14:31,144] [main] INFO  org.jgap.gp.impl.GPGenotype  - Depth of chrom: 5
[23.06.2016 06:15:39,354] [main] INFO  org.jgap.gp.impl.GPGenotype  - Evolving generation 25, memory free: 914.2 MB
[23.06.2016 06:15:43,426] [main] INFO  org.jgap.gp.impl.GPGenotype  - Creating initial population
[23.06.2016 06:15:43,449] [main] INFO  org.jgap.gp.impl.GPGenotype  - Mem free: 123.0 MB
[23.06.2016 06:15:43,487] [main] INFO  org.jgap.gp.impl.GPPopulation  - Prototype program set
[23.06.2016 06:15:43,845] [main] INFO  org.jgap.gp.impl.GPGenotype  - Mem free after creating population: 123.0 MB
[23.06.2016 06:15:43,854] [main] INFO  org.jgap.gp.impl.GPGenotype  - Your configuration does not contain unused commands, this is good
[23.06.2016 06:15:43,859] [main] INFO  org.jgap.gp.impl.GPGenotype  - Evolving generation 0, memory free: 97.0 MB
[23.06.2016 06:15:44,197] [main] INFO  org.jgap.gp.impl.GPGenotype  - Best solution fitness: 210.0
[23.06.2016 06:15:44,204] [main] INFO  org.jgap.gp.impl.GPGenotype  - Best solution: (((x * x) + (y + 5.0)) + ((y + y) + (5.0 * 5.0))) + (((x * y) * (y * 5.0)) * ((y - y) * (y - y)))
[23.06.2016 06:15:44,205] [main] INFO  org.jgap.gp.impl.GPGenotype  - Depth of chrom: 4
[23.06.2016 06:15:44,354] [main] INFO  org.jgap.gp.impl.GPGenotype  - Best solution fitness: 169.0
[23.06.2016 06:15:44,356] [main] INFO  org.jgap.gp.impl.GPGenotype  - Best solution: x + (x + ((x * x) + (3.0 * x)))
[23.06.2016 06:15:44,358] [main] INFO  org.jgap.gp.impl.GPGenotype  - Depth of chrom: 4
[23.06.2016 06:15:44,488] [main] INFO  org.jgap.gp.impl.GPGenotype  - Best solution fitness: 139.0
[23.06.2016 06:15:44,493] [main] INFO  org.jgap.gp.impl.GPGenotype  - Best solution: (((5.0 + y) - (y + y)) + ((y + x) - (x - y))) + ((x - 3.0) + ((x * x) + (y + x)))
[23.06.2016 06:15:44,494] [main] INFO  org.jgap.gp.impl.GPGenotype  - Depth of chrom: 4
[23.06.2016 06:15:44,606] [main] INFO  org.jgap.gp.impl.GPGenotype  - Best solution fitness: 113.0
[23.06.2016 06:15:44,615] [main] INFO  org.jgap.gp.impl.GPGenotype  - Best solution: (x * x) + ((x * 2.0) + (x + x))
[23.06.2016 06:15:44,617] [main] INFO  org.jgap.gp.impl.GPGenotype  - Depth of chrom: 3
[23.06.2016 06:15:44,783] [main] INFO  org.jgap.gp.impl.GPGenotype  - Best solution fitness: 70.0
[23.06.2016 06:15:44,785] [main] INFO  org.jgap.gp.impl.GPGenotype  - Best solution: (((6.0 + y) + (x + y)) + (x - 6.0)) + (((y + y) * (x - x)) + ((x * x) + (y + x)))
[23.06.2016 06:15:44,787] [main] INFO  org.jgap.gp.impl.GPGenotype  - Depth of chrom: 4
[23.06.2016 06:15:44,899] [main] INFO  org.jgap.gp.impl.GPGenotype  - Best solution fitness: 65.0
[23.06.2016 06:15:44,902] [main] INFO  org.jgap.gp.impl.GPGenotype  - Best solution: ((y - 5.0) + x) + ((x - 3.0) + ((x * x) + (y + x)))
[23.06.2016 06:15:44,912] [main] INFO  org.jgap.gp.impl.GPGenotype  - Depth of chrom: 4
[23.06.2016 06:15:45,047] [main] INFO  org.jgap.gp.impl.GPGenotype  - Best solution fitness: 35.0
[23.06.2016 06:15:45,048] [main] INFO  org.jgap.gp.impl.GPGenotype  - Best solution: ((1.0 + 1.0) + (x + (x * x))) + ((((x - x) + (x + y)) + ((y + x) + (x + y))) + (x - (((2.0 * x) + (2.0 + 2.0)) + y)))
[23.06.2016 06:15:45,049] [main] INFO  org.jgap.gp.impl.GPGenotype  - Depth of chrom: 6
[23.06.2016 06:15:45,345] [main] INFO  org.jgap.gp.impl.GPGenotype  - Best solution fitness: 25.0
[23.06.2016 06:15:45,346] [main] INFO  org.jgap.gp.impl.GPGenotype  - Best solution: (x * x) + (((y + y) + (1.0 * y)) - ((x + y) - (x * 4.0)))
[23.06.2016 06:15:45,347] [main] INFO  org.jgap.gp.impl.GPGenotype  - Depth of chrom: 4
[23.06.2016 06:15:45,477] [main] INFO  org.jgap.gp.impl.GPGenotype  - Best solution fitness: 15.0
[23.06.2016 06:15:45,479] [main] INFO  org.jgap.gp.impl.GPGenotype  - Best solution: ((1.0 + 1.0) + ((((x * x) - (y + x)) + y) + (y + x))) + (((4.0 + (x + y)) + ((y + x) + (x + y))) + (x - (((y + x) + (2.0 + 2.0)) + y)))
[23.06.2016 06:15:45,479] [main] INFO  org.jgap.gp.impl.GPGenotype  - Depth of chrom: 6
[23.06.2016 06:15:45,899] [main] INFO  org.jgap.gp.impl.GPGenotype  - Best solution fitness: 10.0
[23.06.2016 06:15:45,901] [main] INFO  org.jgap.gp.impl.GPGenotype  - Best solution: ((x * x) - ((((5.0 * y) + (x - 4.0)) + ((5.0 * x) - (5.0 * 5.0))) * (x - x))) + (((7.0 + (x + y)) + y) + ((x + y) + (x - y)))
[23.06.2016 06:15:45,902] [main] INFO  org.jgap.gp.impl.GPGenotype  - Depth of chrom: 6
[23.06.2016 06:15:46,361] [main] INFO  org.jgap.gp.impl.GPGenotype  - Best solution fitness: 5.0
[23.06.2016 06:15:46,364] [main] INFO  org.jgap.gp.impl.GPGenotype  - Best solution: (((x - ((y + x) - ((y + y) + (x - 3.0)))) + 6.0) * (x - x)) + (((y + (x * 2.0)) + ((y + x) - (x - 4.0))) + (((1.0 + 1.0) + x) + (x * x)))
[23.06.2016 06:15:46,365] [main] INFO  org.jgap.gp.impl.GPGenotype  - Depth of chrom: 7
[23.06.2016 06:15:46,824] [main] INFO  org.jgap.gp.impl.GPGenotype  - Best solution fitness: 0.0
[23.06.2016 06:15:46,829] [main] INFO  org.jgap.gp.impl.GPGenotype  - Best solution: (y + x) + (((y * 2.0) - ((y - 9.0) + 1.0)) + ((x - 3.0) + (x + (x * x))))
[23.06.2016 06:15:46,830] [main] INFO  org.jgap.gp.impl.GPGenotype  - Depth of chrom: 5
[23.06.2016 06:15:46,905] [main] INFO  org.jgap.gp.impl.GPGenotype  - Evolving generation 25, memory free: 239.9 MB
[23.06.2016 06:15:47,360] [main] INFO  org.jgap.gp.impl.GPGenotype  - Best solution fitness: 0.0
[23.06.2016 06:15:47,361] [main] INFO  org.jgap.gp.impl.GPGenotype  - Best solution: (y + x) + (((y * 2.0) - ((y - 9.0) + 1.0)) + ((x - 3.0) + (x + (x * x))))
[23.06.2016 06:15:47,362] [main] INFO  org.jgap.gp.impl.GPGenotype  - Depth of chrom: 5
